<?xml version="1.0" encoding="UTF-8"?>
<!-- Generated by org.testng.reporters.JUnitXMLReporter -->
<testsuite hostname="DURGAPRIYA" ignored="0" name="Default test" tests="2" failures="0" timestamp="12 Jan 2018 01:42:18 GMT" time="30.843" errors="0">
  <testcase name="navigateToIndustriesTest" time="3.032" classname="com.uptake.codingtest.testcases.NavigationTest"/>
  <testcase name="navigateToProductsTest" time="4.148" classname="com.uptake.codingtest.testcases.NavigationTest"/>
</testsuite> <!-- Default test -->
