<?xml version="1.0" encoding="UTF-8"?>
<!-- Generated by org.testng.reporters.JUnitXMLReporter -->
<testsuite hostname="DURGAPRIYA" ignored="0" name="Command line test" tests="1" failures="1" timestamp="07 Feb 2018 18:59:30 GMT" time="31.814" errors="0">
  <testcase name="navigateToProductsTest" time="4.566" classname="com.uptake.codingtest.testcases.NavigationTest">
    <failure type="java.lang.AssertionError" message="expected [Industrial Analytics for Global Industry | Uptake] but found [Predictive Analytics Solutions for Global Industry | Uptake]">
      <![CDATA[java.lang.AssertionError: expected [Industrial Analytics for Global Industry | Uptake] but found [Predictive Analytics Solutions for Global Industry | Uptake]at com.uptake.codingtest.testcases.NavigationTest.navigateToProductsTest(NavigationTest.java:37)... Removed 40 stack frames]]>
    </failure>
  </testcase> <!-- navigateToProductsTest -->
</testsuite> <!-- Command line test -->
