<?xml version="1.0" encoding="UTF-8"?>
<!-- Generated by org.testng.reporters.JUnitXMLReporter -->
<testsuite hostname="DURGAPRIYA" ignored="0" name="Command line test" tests="2" failures="0" timestamp="12 Jan 2018 03:11:33 GMT" time="30.375" errors="0">
  <testcase name="navigateToIndustriesTest" time="2.685" classname="com.uptake.codingtest.testcases.NavigationTest"/>
  <testcase name="navigateToProductsTest" time="3.599" classname="com.uptake.codingtest.testcases.NavigationTest"/>
</testsuite> <!-- Command line test -->
