<?xml version="1.0" encoding="UTF-8" ?>
<testsuite tests="1" failures="1" name="com.uptake.codingtest.testcases.NavigationTest" time="4.581" errors="0" skipped="0">
  <properties>
[...]
</properties>
  <testcase classname="com.uptake.codingtest.testcases.NavigationTest" name="navigateToProductsTest" time="4.581">
    <failure message="expected [Industrial Analytics for Global Industry | Uptake] but found [Predictive Analytics Solutions for Global Industry | Uptake]" type="java.lang.AssertionError">java.lang.AssertionError: expected [Industrial Analytics for Global Industry | Uptake] but found [Predictive Analytics Solutions for Global Industry | Uptake]
	at org.testng.Assert.fail(Assert.java:96)
	at org.testng.Assert.failNotEquals(Assert.java:776)
	at org.testng.Assert.assertEqualsImpl(Assert.java:137)
	at org.testng.Assert.assertEquals(Assert.java:118)
	at org.testng.Assert.assertEquals(Assert.java:453)
	at org.testng.Assert.assertEquals(Assert.java:463)
	at com.uptake.codingtest.testcases.NavigationTest.navigateToProductsTest(NavigationTest.java:37)
</failure>
    <system-out>Configuring TestNG with: org.apache.maven.surefire.testng.conf.TestNG652Configurator@1edf1c96
inside super constructor
Navigationtest constructor
https://www.uptake.com/
inside super constructor
</system-out>
    <system-err>1518029945870	geckodriver	INFO	geckodriver 0.19.1
1518029945882	geckodriver	INFO	Listening on 127.0.0.1:36856
1518029947014	mozrunner::runner	INFO	Running command: &quot;C:\\Program Files\\Mozilla Firefox\\firefox.exe&quot; &quot;-marionette&quot; &quot;-profile&quot; &quot;C:\\Users\\Durga\\AppData\\Local\\Temp\\rust_mozprofile.zqpvreUYYlzC&quot;
1518029949094	Marionette	INFO	Enabled via --marionette
Unable to read VR Path Registry from C:\Users\Durga\AppData\Local\openvr\openvrpaths.vrpath
[Parent 11756, Gecko_IOThread] WARNING: pipe error: 109: file z:/build/build/src/ipc/chromium/src/chrome/common/ipc_channel_win.cc, line 346
Unable to read VR Path Registry from C:\Users\Durga\AppData\Local\openvr\openvrpaths.vrpath
[Child 48660, Chrome_ChildThread] WARNING: pipe error: 109: file z:/build/build/src/ipc/chromium/src/chrome/common/ipc_channel_win.cc, line 346
[Child 48660, Chrome_ChildThread] WARNING: pipe error: 109: file z:/build/build/src/ipc/chromium/src/chrome/common/ipc_channel_win.cc, line 346
1518029951430	Marionette	INFO	Listening on port 50360
1518029951685	Marionette	WARN	TLS certificate errors will be ignored for this session
1518029952134	Marionette	DEBUG	Register listener.js for window 4294967297
Feb 07, 2018 12:59:12 PM org.openqa.selenium.remote.ProtocolHandshake createSession
INFO: Detected dialect: W3C
1518029955868	Marionette	DEBUG	Received DOM event &quot;beforeunload&quot; for &quot;about:blank&quot;
1518029956594	Marionette	DEBUG	Received DOM event &quot;pagehide&quot; for &quot;about:blank&quot;
1518029956594	Marionette	DEBUG	Received DOM event &quot;unload&quot; for &quot;about:blank&quot;
1518029957410	Marionette	DEBUG	Received DOM event &quot;DOMContentLoaded&quot; for &quot;https://www.uptake.com/&quot;
1518029960866	Marionette	DEBUG	Received DOM event &quot;pageshow&quot; for &quot;https://www.uptake.com/&quot;
1518029961277	Marionette	DEBUG	Received DOM event &quot;beforeunload&quot; for &quot;https://www.uptake.com/&quot;
1518029961748	Marionette	DEBUG	Received DOM event &quot;pagehide&quot; for &quot;https://www.uptake.com/&quot;
1518029961750	Marionette	DEBUG	Received DOM event &quot;unload&quot; for &quot;https://www.uptake.com/&quot;
1518029962529	Marionette	DEBUG	Received DOM event &quot;DOMContentLoaded&quot; for &quot;https://www.uptake.com/products&quot;
1518029964296	Marionette	DEBUG	Received DOM event &quot;pageshow&quot; for &quot;https://www.uptake.com/products&quot;
1518029965557	Marionette	DEBUG	Canceled page load listener because no navigation has been detected
</system-err>
  </testcase>
</testsuite>