<?xml version="1.0" encoding="UTF-8"?>
<testng-results skipped="0" failed="0" ignored="0" total="2" passed="2">
  <reporter-output>
  </reporter-output>
  <suite name="com.uptake.codingtest.testcases.NavigationTest" duration-ms="30375" started-at="2018-01-12T03:11:03Z" finished-at="2018-01-12T03:11:33Z">
    <groups>
    </groups>
    <test name="Command line test" duration-ms="30375" started-at="2018-01-12T03:11:03Z" finished-at="2018-01-12T03:11:33Z">
      <class name="com.uptake.codingtest.testcases.NavigationTest">
        <test-method status="PASS" signature="setUp()[pri:0, instance:com.uptake.codingtest.testcases.NavigationTest@edf4efb]" name="setUp" is-config="true" duration-ms="11668" started-at="2018-01-11T21:11:03Z" finished-at="2018-01-11T21:11:14Z">
          <reporter-output>
          </reporter-output>
        </test-method> <!-- setUp -->
        <test-method status="PASS" signature="navigateToIndustriesTest()[pri:0, instance:com.uptake.codingtest.testcases.NavigationTest@edf4efb]" name="navigateToIndustriesTest" duration-ms="2685" started-at="2018-01-11T21:11:14Z" finished-at="2018-01-11T21:11:17Z">
          <reporter-output>
          </reporter-output>
        </test-method> <!-- navigateToIndustriesTest -->
        <test-method status="PASS" signature="closeBrowser()[pri:0, instance:com.uptake.codingtest.testcases.NavigationTest@edf4efb]" name="closeBrowser" is-config="true" duration-ms="452" started-at="2018-01-11T21:11:17Z" finished-at="2018-01-11T21:11:17Z">
          <reporter-output>
          </reporter-output>
        </test-method> <!-- closeBrowser -->
        <test-method status="PASS" signature="setUp()[pri:0, instance:com.uptake.codingtest.testcases.NavigationTest@edf4efb]" name="setUp" is-config="true" duration-ms="11384" started-at="2018-01-11T21:11:17Z" finished-at="2018-01-11T21:11:29Z">
          <reporter-output>
          </reporter-output>
        </test-method> <!-- setUp -->
        <test-method status="PASS" signature="navigateToProductsTest()[pri:0, instance:com.uptake.codingtest.testcases.NavigationTest@edf4efb]" name="navigateToProductsTest" duration-ms="3599" started-at="2018-01-11T21:11:29Z" finished-at="2018-01-11T21:11:32Z">
          <reporter-output>
          </reporter-output>
        </test-method> <!-- navigateToProductsTest -->
        <test-method status="PASS" signature="closeBrowser()[pri:0, instance:com.uptake.codingtest.testcases.NavigationTest@edf4efb]" name="closeBrowser" is-config="true" duration-ms="544" started-at="2018-01-11T21:11:32Z" finished-at="2018-01-11T21:11:33Z">
          <reporter-output>
          </reporter-output>
        </test-method> <!-- closeBrowser -->
      </class> <!-- com.uptake.codingtest.testcases.NavigationTest -->
    </test> <!-- Command line test -->
  </suite> <!-- com.uptake.codingtest.testcases.NavigationTest -->
</testng-results>
